{"C:\\Users\\HP\\Documents\\MERN_STACK_ASSIGNMENT\\mern-final-project-Ghyslaine95\\backend\\server.js": {"path":"C:\\Users\\HP\\Documents\\MERN_STACK_ASSIGNMENT\\mern-final-project-Ghyslaine95\\backend\\server.js","statementMap":{"0":{"start":{"line":15,"column":0},"end":{"line":15,"column":16}},"1":{"start":{"line":27,"column":12},"end":{"line":27,"column":21}},"2":{"start":{"line":30,"column":0},"end":{"line":30,"column":18}},"3":{"start":{"line":33,"column":16},"end":{"line":37,"column":2}},"4":{"start":{"line":38,"column":0},"end":{"line":38,"column":25}},"5":{"start":{"line":41,"column":0},"end":{"line":41,"column":41}},"6":{"start":{"line":44,"column":0},"end":{"line":47,"column":4}},"7":{"start":{"line":50,"column":0},"end":{"line":50,"column":23}},"8":{"start":{"line":53,"column":0},"end":{"line":60,"column":3}},"9":{"start":{"line":54,"column":2},"end":{"line":59,"column":5}},"10":{"start":{"line":63,"column":0},"end":{"line":63,"column":36}},"11":{"start":{"line":64,"column":0},"end":{"line":64,"column":45}},"12":{"start":{"line":65,"column":0},"end":{"line":65,"column":37}},"13":{"start":{"line":66,"column":0},"end":{"line":66,"column":46}},"14":{"start":{"line":69,"column":0},"end":{"line":71,"column":3}},"15":{"start":{"line":70,"column":2},"end":{"line":70,"column":75}},"16":{"start":{"line":74,"column":0},"end":{"line":74,"column":28}},"17":{"start":{"line":77,"column":18},"end":{"line":114,"column":1}},"18":{"start":{"line":78,"column":2},"end":{"line":113,"column":3}},"19":{"start":{"line":80,"column":4},"end":{"line":82,"column":5}},"20":{"start":{"line":81,"column":6},"end":{"line":81,"column":65}},"21":{"start":{"line":85,"column":4},"end":{"line":88,"column":5}},"22":{"start":{"line":87,"column":6},"end":{"line":87,"column":98}},"23":{"start":{"line":90,"column":4},"end":{"line":90,"column":64}},"24":{"start":{"line":92,"column":17},"end":{"line":92,"column":64}},"25":{"start":{"line":94,"column":4},"end":{"line":94,"column":70}},"26":{"start":{"line":95,"column":4},"end":{"line":95,"column":56}},"27":{"start":{"line":98,"column":4},"end":{"line":98,"column":66}},"28":{"start":{"line":101,"column":4},"end":{"line":110,"column":5}},"29":{"start":{"line":102,"column":6},"end":{"line":102,"column":70}},"30":{"start":{"line":103,"column":11},"end":{"line":110,"column":5}},"31":{"start":{"line":104,"column":6},"end":{"line":104,"column":92}},"32":{"start":{"line":105,"column":6},"end":{"line":105,"column":96}},"33":{"start":{"line":106,"column":11},"end":{"line":110,"column":5}},"34":{"start":{"line":107,"column":6},"end":{"line":107,"column":94}},"35":{"start":{"line":108,"column":11},"end":{"line":110,"column":5}},"36":{"start":{"line":109,"column":6},"end":{"line":109,"column":84}},"37":{"start":{"line":112,"column":4},"end":{"line":112,"column":20}},"38":{"start":{"line":117,"column":0},"end":{"line":117,"column":12}},"39":{"start":{"line":119,"column":13},"end":{"line":119,"column":37}},"40":{"start":{"line":121,"column":15},"end":{"line":125,"column":2}},"41":{"start":{"line":122,"column":2},"end":{"line":122,"column":83}},"42":{"start":{"line":123,"column":2},"end":{"line":123,"column":62}},"43":{"start":{"line":124,"column":2},"end":{"line":124,"column":70}},"44":{"start":{"line":128,"column":0},"end":{"line":134,"column":3}},"45":{"start":{"line":129,"column":2},"end":{"line":129,"column":58}},"46":{"start":{"line":130,"column":2},"end":{"line":130,"column":37}},"47":{"start":{"line":131,"column":2},"end":{"line":133,"column":5}},"48":{"start":{"line":132,"column":4},"end":{"line":132,"column":20}},"49":{"start":{"line":137,"column":0},"end":{"line":141,"column":3}},"50":{"start":{"line":138,"column":2},"end":{"line":138,"column":57}},"51":{"start":{"line":139,"column":2},"end":{"line":139,"column":37}},"52":{"start":{"line":140,"column":2},"end":{"line":140,"column":18}}},"fnMap":{"0":{"name":"(anonymous_0)","decl":{"start":{"line":53,"column":23},"end":{"line":53,"column":24}},"loc":{"start":{"line":53,"column":37},"end":{"line":60,"column":1}},"line":53},"1":{"name":"(anonymous_1)","decl":{"start":{"line":69,"column":13},"end":{"line":69,"column":14}},"loc":{"start":{"line":69,"column":33},"end":{"line":71,"column":1}},"line":69},"2":{"name":"(anonymous_2)","decl":{"start":{"line":77,"column":18},"end":{"line":77,"column":19}},"loc":{"start":{"line":77,"column":30},"end":{"line":114,"column":1}},"line":77},"3":{"name":"(anonymous_3)","decl":{"start":{"line":121,"column":32},"end":{"line":121,"column":33}},"loc":{"start":{"line":121,"column":38},"end":{"line":125,"column":1}},"line":121},"4":{"name":"(anonymous_4)","decl":{"start":{"line":128,"column":33},"end":{"line":128,"column":34}},"loc":{"start":{"line":128,"column":42},"end":{"line":134,"column":1}},"line":128},"5":{"name":"(anonymous_5)","decl":{"start":{"line":131,"column":15},"end":{"line":131,"column":16}},"loc":{"start":{"line":131,"column":21},"end":{"line":133,"column":3}},"line":131},"6":{"name":"(anonymous_6)","decl":{"start":{"line":137,"column":32},"end":{"line":137,"column":33}},"loc":{"start":{"line":137,"column":41},"end":{"line":141,"column":1}},"line":137}},"branchMap":{"0":{"loc":{"start":{"line":45,"column":10},"end":{"line":45,"column":61}},"type":"binary-expr","locations":[{"start":{"line":45,"column":10},"end":{"line":45,"column":34}},{"start":{"line":45,"column":38},"end":{"line":45,"column":61}}],"line":45},"1":{"loc":{"start":{"line":80,"column":4},"end":{"line":82,"column":5}},"type":"if","locations":[{"start":{"line":80,"column":4},"end":{"line":82,"column":5}},{"start":{},"end":{}}],"line":80},"2":{"loc":{"start":{"line":85,"column":4},"end":{"line":88,"column":5}},"type":"if","locations":[{"start":{"line":85,"column":4},"end":{"line":88,"column":5}},{"start":{},"end":{}}],"line":85},"3":{"loc":{"start":{"line":85,"column":8},"end":{"line":86,"column":57}},"type":"binary-expr","locations":[{"start":{"line":85,"column":8},"end":{"line":85,"column":61}},{"start":{"line":86,"column":8},"end":{"line":86,"column":57}}],"line":85},"4":{"loc":{"start":{"line":101,"column":4},"end":{"line":110,"column":5}},"type":"if","locations":[{"start":{"line":101,"column":4},"end":{"line":110,"column":5}},{"start":{"line":103,"column":11},"end":{"line":110,"column":5}}],"line":101},"5":{"loc":{"start":{"line":103,"column":11},"end":{"line":110,"column":5}},"type":"if","locations":[{"start":{"line":103,"column":11},"end":{"line":110,"column":5}},{"start":{"line":106,"column":11},"end":{"line":110,"column":5}}],"line":103},"6":{"loc":{"start":{"line":106,"column":11},"end":{"line":110,"column":5}},"type":"if","locations":[{"start":{"line":106,"column":11},"end":{"line":110,"column":5}},{"start":{"line":108,"column":11},"end":{"line":110,"column":5}}],"line":106},"7":{"loc":{"start":{"line":106,"column":15},"end":{"line":106,"column":100}},"type":"binary-expr","locations":[{"start":{"line":106,"column":15},"end":{"line":106,"column":49}},{"start":{"line":106,"column":53},"end":{"line":106,"column":100}}],"line":106},"8":{"loc":{"start":{"line":108,"column":11},"end":{"line":110,"column":5}},"type":"if","locations":[{"start":{"line":108,"column":11},"end":{"line":110,"column":5}},{"start":{},"end":{}}],"line":108},"9":{"loc":{"start":{"line":119,"column":13},"end":{"line":119,"column":37}},"type":"binary-expr","locations":[{"start":{"line":119,"column":13},"end":{"line":119,"column":29}},{"start":{"line":119,"column":33},"end":{"line":119,"column":37}}],"line":119}},"s":{"0":0,"1":0,"2":0,"3":0,"4":0,"5":0,"6":0,"7":0,"8":0,"9":0,"10":0,"11":0,"12":0,"13":0,"14":0,"15":0,"16":0,"17":0,"18":0,"19":0,"20":0,"21":0,"22":0,"23":0,"24":0,"25":0,"26":0,"27":0,"28":0,"29":0,"30":0,"31":0,"32":0,"33":0,"34":0,"35":0,"36":0,"37":0,"38":0,"39":0,"40":0,"41":0,"42":0,"43":0,"44":0,"45":0,"46":0,"47":0,"48":0,"49":0,"50":0,"51":0,"52":0},"f":{"0":0,"1":0,"2":0,"3":0,"4":0,"5":0,"6":0},"b":{"0":[0,0],"1":[0,0],"2":[0,0],"3":[0,0],"4":[0,0],"5":[0,0],"6":[0,0],"7":[0,0],"8":[0,0],"9":[0,0]}}
,"C:\\Users\\HP\\Documents\\MERN_STACK_ASSIGNMENT\\mern-final-project-Ghyslaine95\\backend\\test-db.js": {"path":"C:\\Users\\HP\\Documents\\MERN_STACK_ASSIGNMENT\\mern-final-project-Ghyslaine95\\backend\\test-db.js","statementMap":{"0":{"start":{"line":5,"column":2},"end":{"line":36,"column":3}},"1":{"start":{"line":6,"column":4},"end":{"line":6,"column":58}},"2":{"start":{"line":9,"column":22},"end":{"line":9,"column":76}},"3":{"start":{"line":10,"column":4},"end":{"line":10,"column":49}},"4":{"start":{"line":12,"column":4},"end":{"line":12,"column":52}},"5":{"start":{"line":13,"column":4},"end":{"line":13,"column":59}},"6":{"start":{"line":16,"column":15},"end":{"line":16,"column":37}},"7":{"start":{"line":17,"column":24},"end":{"line":17,"column":60}},"8":{"start":{"line":18,"column":4},"end":{"line":18,"column":75}},"9":{"start":{"line":18,"column":66},"end":{"line":18,"column":72}},"10":{"start":{"line":20,"column":4},"end":{"line":20,"column":38}},"11":{"start":{"line":21,"column":4},"end":{"line":21,"column":50}},"12":{"start":{"line":22,"column":4},"end":{"line":22,"column":20}},"13":{"start":{"line":25,"column":4},"end":{"line":25,"column":57}},"14":{"start":{"line":27,"column":4},"end":{"line":33,"column":5}},"15":{"start":{"line":28,"column":6},"end":{"line":28,"column":82}},"16":{"start":{"line":29,"column":11},"end":{"line":33,"column":5}},"17":{"start":{"line":30,"column":6},"end":{"line":30,"column":72}},"18":{"start":{"line":31,"column":11},"end":{"line":33,"column":5}},"19":{"start":{"line":32,"column":6},"end":{"line":32,"column":66}},"20":{"start":{"line":35,"column":4},"end":{"line":35,"column":20}},"21":{"start":{"line":39,"column":0},"end":{"line":39,"column":9}}},"fnMap":{"0":{"name":"testDB","decl":{"start":{"line":4,"column":15},"end":{"line":4,"column":21}},"loc":{"start":{"line":4,"column":24},"end":{"line":37,"column":1}},"line":4},"1":{"name":"(anonymous_1)","decl":{"start":{"line":18,"column":61},"end":{"line":18,"column":62}},"loc":{"start":{"line":18,"column":66},"end":{"line":18,"column":72}},"line":18}},"branchMap":{"0":{"loc":{"start":{"line":27,"column":4},"end":{"line":33,"column":5}},"type":"if","locations":[{"start":{"line":27,"column":4},"end":{"line":33,"column":5}},{"start":{"line":29,"column":11},"end":{"line":33,"column":5}}],"line":27},"1":{"loc":{"start":{"line":29,"column":11},"end":{"line":33,"column":5}},"type":"if","locations":[{"start":{"line":29,"column":11},"end":{"line":33,"column":5}},{"start":{"line":31,"column":11},"end":{"line":33,"column":5}}],"line":29},"2":{"loc":{"start":{"line":31,"column":11},"end":{"line":33,"column":5}},"type":"if","locations":[{"start":{"line":31,"column":11},"end":{"line":33,"column":5}},{"start":{},"end":{}}],"line":31}},"s":{"0":0,"1":0,"2":0,"3":0,"4":0,"5":0,"6":0,"7":0,"8":0,"9":0,"10":0,"11":0,"12":0,"13":0,"14":0,"15":0,"16":0,"17":0,"18":0,"19":0,"20":0,"21":0},"f":{"0":0,"1":0},"b":{"0":[0,0],"1":[0,0],"2":[0,0]}}
,"C:\\Users\\HP\\Documents\\MERN_STACK_ASSIGNMENT\\mern-final-project-Ghyslaine95\\backend\\middleware\\auth.js": {"path":"C:\\Users\\HP\\Documents\\MERN_STACK_ASSIGNMENT\\mern-final-project-Ghyslaine95\\backend\\middleware\\auth.js","statementMap":{"0":{"start":{"line":5,"column":23},"end":{"line":29,"column":1}},"1":{"start":{"line":6,"column":2},"end":{"line":28,"column":3}},"2":{"start":{"line":9,"column":4},"end":{"line":11,"column":5}},"3":{"start":{"line":10,"column":6},"end":{"line":10,"column":54}},"4":{"start":{"line":13,"column":4},"end":{"line":15,"column":5}},"5":{"start":{"line":14,"column":6},"end":{"line":14,"column":92}},"6":{"start":{"line":17,"column":20},"end":{"line":17,"column":61}},"7":{"start":{"line":19,"column":24},"end":{"line":19,"column":55}},"8":{"start":{"line":20,"column":4},"end":{"line":22,"column":5}},"9":{"start":{"line":21,"column":6},"end":{"line":21,"column":91}},"10":{"start":{"line":24,"column":4},"end":{"line":24,"column":27}},"11":{"start":{"line":25,"column":4},"end":{"line":25,"column":11}},"12":{"start":{"line":27,"column":4},"end":{"line":27,"column":74}},"13":{"start":{"line":31,"column":26},"end":{"line":38,"column":1}},"14":{"start":{"line":32,"column":2},"end":{"line":37,"column":4}},"15":{"start":{"line":33,"column":4},"end":{"line":35,"column":5}},"16":{"start":{"line":34,"column":6},"end":{"line":34,"column":90}},"17":{"start":{"line":36,"column":4},"end":{"line":36,"column":11}}},"fnMap":{"0":{"name":"(anonymous_0)","decl":{"start":{"line":5,"column":23},"end":{"line":5,"column":24}},"loc":{"start":{"line":5,"column":49},"end":{"line":29,"column":1}},"line":5},"1":{"name":"(anonymous_1)","decl":{"start":{"line":31,"column":26},"end":{"line":31,"column":27}},"loc":{"start":{"line":31,"column":40},"end":{"line":38,"column":1}},"line":31},"2":{"name":"(anonymous_2)","decl":{"start":{"line":32,"column":9},"end":{"line":32,"column":10}},"loc":{"start":{"line":32,"column":29},"end":{"line":37,"column":3}},"line":32}},"branchMap":{"0":{"loc":{"start":{"line":9,"column":4},"end":{"line":11,"column":5}},"type":"if","locations":[{"start":{"line":9,"column":4},"end":{"line":11,"column":5}},{"start":{},"end":{}}],"line":9},"1":{"loc":{"start":{"line":9,"column":8},"end":{"line":9,"column":83}},"type":"binary-expr","locations":[{"start":{"line":9,"column":8},"end":{"line":9,"column":33}},{"start":{"line":9,"column":37},"end":{"line":9,"column":83}}],"line":9},"2":{"loc":{"start":{"line":13,"column":4},"end":{"line":15,"column":5}},"type":"if","locations":[{"start":{"line":13,"column":4},"end":{"line":15,"column":5}},{"start":{},"end":{}}],"line":13},"3":{"loc":{"start":{"line":20,"column":4},"end":{"line":22,"column":5}},"type":"if","locations":[{"start":{"line":20,"column":4},"end":{"line":22,"column":5}},{"start":{},"end":{}}],"line":20},"4":{"loc":{"start":{"line":33,"column":4},"end":{"line":35,"column":5}},"type":"if","locations":[{"start":{"line":33,"column":4},"end":{"line":35,"column":5}},{"start":{},"end":{}}],"line":33}},"s":{"0":0,"1":0,"2":0,"3":0,"4":0,"5":0,"6":0,"7":0,"8":0,"9":0,"10":0,"11":0,"12":0,"13":0,"14":0,"15":0,"16":0,"17":0},"f":{"0":0,"1":0,"2":0},"b":{"0":[0,0],"1":[0,0],"2":[0,0],"3":[0,0],"4":[0,0]}}
,"C:\\Users\\HP\\Documents\\MERN_STACK_ASSIGNMENT\\mern-final-project-Ghyslaine95\\backend\\middleware\\errorHandler.js": {"path":"C:\\Users\\HP\\Documents\\MERN_STACK_ASSIGNMENT\\mern-final-project-Ghyslaine95\\backend\\middleware\\errorHandler.js","statementMap":{"0":{"start":{"line":3,"column":26},"end":{"line":6,"column":1}},"1":{"start":{"line":4,"column":18},"end":{"line":4,"column":54}},"2":{"start":{"line":5,"column":2},"end":{"line":5,"column":36}},"3":{"start":{"line":8,"column":32},"end":{"line":12,"column":1}},"4":{"start":{"line":9,"column":16},"end":{"line":9,"column":73}},"5":{"start":{"line":10,"column":18},"end":{"line":10,"column":78}},"6":{"start":{"line":11,"column":2},"end":{"line":11,"column":36}},"7":{"start":{"line":14,"column":32},"end":{"line":18,"column":1}},"8":{"start":{"line":15,"column":17},"end":{"line":15,"column":64}},"9":{"start":{"line":15,"column":53},"end":{"line":15,"column":63}},"10":{"start":{"line":16,"column":18},"end":{"line":16,"column":60}},"11":{"start":{"line":17,"column":2},"end":{"line":17,"column":44}},"12":{"start":{"line":20,"column":21},"end":{"line":27,"column":1}},"13":{"start":{"line":21,"column":2},"end":{"line":26,"column":5}},"14":{"start":{"line":29,"column":22},"end":{"line":43,"column":1}},"15":{"start":{"line":30,"column":2},"end":{"line":42,"column":3}},"16":{"start":{"line":31,"column":4},"end":{"line":35,"column":7}},"17":{"start":{"line":37,"column":4},"end":{"line":37,"column":35}},"18":{"start":{"line":38,"column":4},"end":{"line":41,"column":7}},"19":{"start":{"line":46,"column":2},"end":{"line":46,"column":41}},"20":{"start":{"line":47,"column":2},"end":{"line":47,"column":37}},"21":{"start":{"line":49,"column":2},"end":{"line":60,"column":3}},"22":{"start":{"line":50,"column":4},"end":{"line":50,"column":27}},"23":{"start":{"line":51,"column":9},"end":{"line":60,"column":3}},"24":{"start":{"line":52,"column":16},"end":{"line":52,"column":26}},"25":{"start":{"line":53,"column":4},"end":{"line":53,"column":32}},"26":{"start":{"line":55,"column":4},"end":{"line":55,"column":69}},"27":{"start":{"line":55,"column":36},"end":{"line":55,"column":69}},"28":{"start":{"line":56,"column":4},"end":{"line":56,"column":69}},"29":{"start":{"line":56,"column":30},"end":{"line":56,"column":69}},"30":{"start":{"line":57,"column":4},"end":{"line":57,"column":81}},"31":{"start":{"line":57,"column":42},"end":{"line":57,"column":81}},"32":{"start":{"line":59,"column":4},"end":{"line":59,"column":30}}},"fnMap":{"0":{"name":"(anonymous_0)","decl":{"start":{"line":3,"column":26},"end":{"line":3,"column":27}},"loc":{"start":{"line":3,"column":35},"end":{"line":6,"column":1}},"line":3},"1":{"name":"(anonymous_1)","decl":{"start":{"line":8,"column":32},"end":{"line":8,"column":33}},"loc":{"start":{"line":8,"column":41},"end":{"line":12,"column":1}},"line":8},"2":{"name":"(anonymous_2)","decl":{"start":{"line":14,"column":32},"end":{"line":14,"column":33}},"loc":{"start":{"line":14,"column":41},"end":{"line":18,"column":1}},"line":14},"3":{"name":"(anonymous_3)","decl":{"start":{"line":15,"column":47},"end":{"line":15,"column":48}},"loc":{"start":{"line":15,"column":53},"end":{"line":15,"column":63}},"line":15},"4":{"name":"(anonymous_4)","decl":{"start":{"line":20,"column":21},"end":{"line":20,"column":22}},"loc":{"start":{"line":20,"column":35},"end":{"line":27,"column":1}},"line":20},"5":{"name":"(anonymous_5)","decl":{"start":{"line":29,"column":22},"end":{"line":29,"column":23}},"loc":{"start":{"line":29,"column":36},"end":{"line":43,"column":1}},"line":29},"6":{"name":"(anonymous_6)","decl":{"start":{"line":45,"column":15},"end":{"line":45,"column":16}},"loc":{"start":{"line":45,"column":40},"end":{"line":61,"column":1}},"line":45}},"branchMap":{"0":{"loc":{"start":{"line":9,"column":16},"end":{"line":9,"column":73}},"type":"cond-expr","locations":[{"start":{"line":9,"column":31},"end":{"line":9,"column":61}},{"start":{"line":9,"column":64},"end":{"line":9,"column":73}}],"line":9},"1":{"loc":{"start":{"line":30,"column":2},"end":{"line":42,"column":3}},"type":"if","locations":[{"start":{"line":30,"column":2},"end":{"line":42,"column":3}},{"start":{"line":36,"column":9},"end":{"line":42,"column":3}}],"line":30},"2":{"loc":{"start":{"line":46,"column":19},"end":{"line":46,"column":40}},"type":"binary-expr","locations":[{"start":{"line":46,"column":19},"end":{"line":46,"column":33}},{"start":{"line":46,"column":37},"end":{"line":46,"column":40}}],"line":46},"3":{"loc":{"start":{"line":47,"column":15},"end":{"line":47,"column":36}},"type":"binary-expr","locations":[{"start":{"line":47,"column":15},"end":{"line":47,"column":25}},{"start":{"line":47,"column":29},"end":{"line":47,"column":36}}],"line":47},"4":{"loc":{"start":{"line":49,"column":2},"end":{"line":60,"column":3}},"type":"if","locations":[{"start":{"line":49,"column":2},"end":{"line":60,"column":3}},{"start":{"line":51,"column":9},"end":{"line":60,"column":3}}],"line":49},"5":{"loc":{"start":{"line":51,"column":9},"end":{"line":60,"column":3}},"type":"if","locations":[{"start":{"line":51,"column":9},"end":{"line":60,"column":3}},{"start":{},"end":{}}],"line":51},"6":{"loc":{"start":{"line":55,"column":4},"end":{"line":55,"column":69}},"type":"if","locations":[{"start":{"line":55,"column":4},"end":{"line":55,"column":69}},{"start":{},"end":{}}],"line":55},"7":{"loc":{"start":{"line":56,"column":4},"end":{"line":56,"column":69}},"type":"if","locations":[{"start":{"line":56,"column":4},"end":{"line":56,"column":69}},{"start":{},"end":{}}],"line":56},"8":{"loc":{"start":{"line":57,"column":4},"end":{"line":57,"column":81}},"type":"if","locations":[{"start":{"line":57,"column":4},"end":{"line":57,"column":81}},{"start":{},"end":{}}],"line":57}},"s":{"0":0,"1":0,"2":0,"3":0,"4":0,"5":0,"6":0,"7":0,"8":0,"9":0,"10":0,"11":0,"12":0,"13":0,"14":0,"15":0,"16":0,"17":0,"18":0,"19":0,"20":0,"21":0,"22":0,"23":0,"24":0,"25":0,"26":0,"27":0,"28":0,"29":0,"30":0,"31":0,"32":0},"f":{"0":0,"1":0,"2":0,"3":0,"4":0,"5":0,"6":0},"b":{"0":[0,0],"1":[0,0],"2":[0,0],"3":[0,0],"4":[0,0],"5":[0,0],"6":[0,0],"7":[0,0],"8":[0,0]}}
,"C:\\Users\\HP\\Documents\\MERN_STACK_ASSIGNMENT\\mern-final-project-Ghyslaine95\\backend\\models\\Emission.js": {"path":"C:\\Users\\HP\\Documents\\MERN_STACK_ASSIGNMENT\\mern-final-project-Ghyslaine95\\backend\\models\\Emission.js","statementMap":{"0":{"start":{"line":3,"column":23},"end":{"line":50,"column":2}},"1":{"start":{"line":53,"column":0},"end":{"line":53,"column":44}},"2":{"start":{"line":54,"column":0},"end":{"line":54,"column":47}},"3":{"start":{"line":55,"column":0},"end":{"line":55,"column":49}},"4":{"start":{"line":58,"column":0},"end":{"line":60,"column":3}},"5":{"start":{"line":59,"column":2},"end":{"line":59,"column":47}},"6":{"start":{"line":63,"column":0},"end":{"line":87,"column":2}},"7":{"start":{"line":64,"column":20},"end":{"line":64,"column":40}},"8":{"start":{"line":66,"column":16},"end":{"line":84,"column":4}},"9":{"start":{"line":86,"column":2},"end":{"line":86,"column":15}},"10":{"start":{"line":90,"column":14},"end":{"line":90,"column":24}},"11":{"start":{"line":91,"column":2},"end":{"line":96,"column":3}},"12":{"start":{"line":92,"column":17},"end":{"line":92,"column":65}},"13":{"start":{"line":93,"column":18},"end":{"line":93,"column":68}},"14":{"start":{"line":94,"column":17},"end":{"line":94,"column":73}},"15":{"start":{"line":95,"column":13},"end":{"line":95,"column":63}}},"fnMap":{"0":{"name":"(anonymous_0)","decl":{"start":{"line":58,"column":44},"end":{"line":58,"column":45}},"loc":{"start":{"line":58,"column":55},"end":{"line":60,"column":1}},"line":58},"1":{"name":"(anonymous_1)","decl":{"start":{"line":63,"column":38},"end":{"line":63,"column":39}},"loc":{"start":{"line":63,"column":79},"end":{"line":87,"column":1}},"line":63},"2":{"name":"getStartDate","decl":{"start":{"line":89,"column":9},"end":{"line":89,"column":21}},"loc":{"start":{"line":89,"column":30},"end":{"line":97,"column":1}},"line":89}},"branchMap":{"0":{"loc":{"start":{"line":63,"column":61},"end":{"line":63,"column":77}},"type":"default-arg","locations":[{"start":{"line":63,"column":70},"end":{"line":63,"column":77}}],"line":63},"1":{"loc":{"start":{"line":91,"column":2},"end":{"line":96,"column":3}},"type":"switch","locations":[{"start":{"line":92,"column":4},"end":{"line":92,"column":65}},{"start":{"line":93,"column":4},"end":{"line":93,"column":68}},{"start":{"line":94,"column":4},"end":{"line":94,"column":73}},{"start":{"line":95,"column":4},"end":{"line":95,"column":63}}],"line":91}},"s":{"0":0,"1":0,"2":0,"3":0,"4":0,"5":0,"6":0,"7":0,"8":0,"9":0,"10":0,"11":0,"12":0,"13":0,"14":0,"15":0},"f":{"0":0,"1":0,"2":0},"b":{"0":[0],"1":[0,0,0,0]}}
,"C:\\Users\\HP\\Documents\\MERN_STACK_ASSIGNMENT\\mern-final-project-Ghyslaine95\\backend\\models\\User.js": {"path":"C:\\Users\\HP\\Documents\\MERN_STACK_ASSIGNMENT\\mern-final-project-Ghyslaine95\\backend\\models\\User.js","statementMap":{"0":{"start":{"line":5,"column":19},"end":{"line":73,"column":2}},"1":{"start":{"line":76,"column":0},"end":{"line":76,"column":31}},"2":{"start":{"line":77,"column":0},"end":{"line":77,"column":45}},"3":{"start":{"line":80,"column":0},"end":{"line":82,"column":3}},"4":{"start":{"line":81,"column":2},"end":{"line":81,"column":83}},"5":{"start":{"line":85,"column":0},"end":{"line":89,"column":3}},"6":{"start":{"line":86,"column":2},"end":{"line":86,"column":50}},"7":{"start":{"line":86,"column":36},"end":{"line":86,"column":50}},"8":{"start":{"line":87,"column":2},"end":{"line":87,"column":55}},"9":{"start":{"line":88,"column":2},"end":{"line":88,"column":9}},"10":{"start":{"line":92,"column":0},"end":{"line":94,"column":2}},"11":{"start":{"line":93,"column":2},"end":{"line":93,"column":63}},"12":{"start":{"line":96,"column":0},"end":{"line":99,"column":2}},"13":{"start":{"line":97,"column":2},"end":{"line":97,"column":37}},"14":{"start":{"line":98,"column":2},"end":{"line":98,"column":50}}},"fnMap":{"0":{"name":"(anonymous_0)","decl":{"start":{"line":80,"column":35},"end":{"line":80,"column":36}},"loc":{"start":{"line":80,"column":46},"end":{"line":82,"column":1}},"line":80},"1":{"name":"(anonymous_1)","decl":{"start":{"line":85,"column":23},"end":{"line":85,"column":24}},"loc":{"start":{"line":85,"column":44},"end":{"line":89,"column":1}},"line":85},"2":{"name":"(anonymous_2)","decl":{"start":{"line":92,"column":37},"end":{"line":92,"column":38}},"loc":{"start":{"line":92,"column":85},"end":{"line":94,"column":1}},"line":92},"3":{"name":"(anonymous_3)","decl":{"start":{"line":96,"column":38},"end":{"line":96,"column":39}},"loc":{"start":{"line":96,"column":49},"end":{"line":99,"column":1}},"line":96}},"branchMap":{"0":{"loc":{"start":{"line":81,"column":12},"end":{"line":81,"column":41}},"type":"binary-expr","locations":[{"start":{"line":81,"column":12},"end":{"line":81,"column":35}},{"start":{"line":81,"column":39},"end":{"line":81,"column":41}}],"line":81},"1":{"loc":{"start":{"line":81,"column":45},"end":{"line":81,"column":73}},"type":"binary-expr","locations":[{"start":{"line":81,"column":45},"end":{"line":81,"column":67}},{"start":{"line":81,"column":71},"end":{"line":81,"column":73}}],"line":81},"2":{"loc":{"start":{"line":86,"column":2},"end":{"line":86,"column":50}},"type":"if","locations":[{"start":{"line":86,"column":2},"end":{"line":86,"column":50}},{"start":{},"end":{}}],"line":86}},"s":{"0":0,"1":0,"2":0,"3":0,"4":0,"5":0,"6":0,"7":0,"8":0,"9":0,"10":0,"11":0,"12":0,"13":0,"14":0},"f":{"0":0,"1":0,"2":0,"3":0},"b":{"0":[0,0],"1":[0,0],"2":[0,0]}}
,"C:\\Users\\HP\\Documents\\MERN_STACK_ASSIGNMENT\\mern-final-project-Ghyslaine95\\backend\\routes\\analytics.js": {"path":"C:\\Users\\HP\\Documents\\MERN_STACK_ASSIGNMENT\\mern-final-project-Ghyslaine95\\backend\\routes\\analytics.js","statementMap":{"0":{"start":{"line":6,"column":15},"end":{"line":6,"column":31}},"1":{"start":{"line":8,"column":0},"end":{"line":8,"column":20}},"2":{"start":{"line":11,"column":0},"end":{"line":125,"column":3}},"3":{"start":{"line":12,"column":2},"end":{"line":124,"column":3}},"4":{"start":{"line":13,"column":33},"end":{"line":13,"column":42}},"5":{"start":{"line":16,"column":26},"end":{"line":33,"column":6}},"6":{"start":{"line":36,"column":25},"end":{"line":69,"column":6}},"7":{"start":{"line":72,"column":23},"end":{"line":86,"column":6}},"8":{"start":{"line":89,"column":28},"end":{"line":95,"column":11}},"9":{"start":{"line":98,"column":25},"end":{"line":112,"column":5}},"10":{"start":{"line":99,"column":45},"end":{"line":103,"column":7}},"11":{"start":{"line":107,"column":56},"end":{"line":111,"column":7}},"12":{"start":{"line":114,"column":4},"end":{"line":117,"column":7}},"13":{"start":{"line":119,"column":4},"end":{"line":119,"column":45}},"14":{"start":{"line":120,"column":4},"end":{"line":123,"column":7}},"15":{"start":{"line":129,"column":14},"end":{"line":129,"column":24}},"16":{"start":{"line":130,"column":2},"end":{"line":139,"column":3}},"17":{"start":{"line":132,"column":6},"end":{"line":132,"column":54}},"18":{"start":{"line":134,"column":6},"end":{"line":134,"column":56}},"19":{"start":{"line":136,"column":6},"end":{"line":136,"column":62}},"20":{"start":{"line":138,"column":6},"end":{"line":138,"column":56}}},"fnMap":{"0":{"name":"(anonymous_0)","decl":{"start":{"line":11,"column":16},"end":{"line":11,"column":17}},"loc":{"start":{"line":11,"column":36},"end":{"line":125,"column":1}},"line":11},"1":{"name":"(anonymous_1)","decl":{"start":{"line":99,"column":36},"end":{"line":99,"column":37}},"loc":{"start":{"line":99,"column":45},"end":{"line":103,"column":7}},"line":99},"2":{"name":"(anonymous_2)","decl":{"start":{"line":107,"column":43},"end":{"line":107,"column":44}},"loc":{"start":{"line":107,"column":56},"end":{"line":111,"column":7}},"line":107},"3":{"name":"getStartDate","decl":{"start":{"line":128,"column":9},"end":{"line":128,"column":21}},"loc":{"start":{"line":128,"column":30},"end":{"line":140,"column":1}},"line":128}},"branchMap":{"0":{"loc":{"start":{"line":13,"column":12},"end":{"line":13,"column":28}},"type":"default-arg","locations":[{"start":{"line":13,"column":21},"end":{"line":13,"column":28}}],"line":13},"1":{"loc":{"start":{"line":105,"column":13},"end":{"line":105,"column":41}},"type":"binary-expr","locations":[{"start":{"line":105,"column":13},"end":{"line":105,"column":36}},{"start":{"line":105,"column":40},"end":{"line":105,"column":41}}],"line":105},"2":{"loc":{"start":{"line":106,"column":13},"end":{"line":106,"column":38}},"type":"binary-expr","locations":[{"start":{"line":106,"column":13},"end":{"line":106,"column":33}},{"start":{"line":106,"column":37},"end":{"line":106,"column":38}}],"line":106},"3":{"loc":{"start":{"line":130,"column":2},"end":{"line":139,"column":3}},"type":"switch","locations":[{"start":{"line":131,"column":4},"end":{"line":132,"column":54}},{"start":{"line":133,"column":4},"end":{"line":134,"column":56}},{"start":{"line":135,"column":4},"end":{"line":136,"column":62}},{"start":{"line":137,"column":4},"end":{"line":138,"column":56}}],"line":130}},"s":{"0":0,"1":0,"2":0,"3":0,"4":0,"5":0,"6":0,"7":0,"8":0,"9":0,"10":0,"11":0,"12":0,"13":0,"14":0,"15":0,"16":0,"17":0,"18":0,"19":0,"20":0},"f":{"0":0,"1":0,"2":0,"3":0},"b":{"0":[0],"1":[0,0],"2":[0,0],"3":[0,0,0,0]}}
,"C:\\Users\\HP\\Documents\\MERN_STACK_ASSIGNMENT\\mern-final-project-Ghyslaine95\\backend\\routes\\auth.js": {"path":"C:\\Users\\HP\\Documents\\MERN_STACK_ASSIGNMENT\\mern-final-project-Ghyslaine95\\backend\\routes\\auth.js","statementMap":{"0":{"start":{"line":8,"column":15},"end":{"line":8,"column":31}},"1":{"start":{"line":10,"column":18},"end":{"line":14,"column":1}},"2":{"start":{"line":11,"column":2},"end":{"line":13,"column":5}},"3":{"start":{"line":16,"column":24},"end":{"line":29,"column":1}},"4":{"start":{"line":17,"column":16},"end":{"line":17,"column":35}},"5":{"start":{"line":20,"column":2},"end":{"line":20,"column":28}},"6":{"start":{"line":22,"column":2},"end":{"line":28,"column":5}},"7":{"start":{"line":32,"column":0},"end":{"line":67,"column":3}},"8":{"start":{"line":43,"column":2},"end":{"line":66,"column":3}},"9":{"start":{"line":44,"column":19},"end":{"line":44,"column":40}},"10":{"start":{"line":45,"column":4},"end":{"line":47,"column":5}},"11":{"start":{"line":46,"column":6},"end":{"line":46,"column":74}},"12":{"start":{"line":49,"column":51},"end":{"line":49,"column":59}},"13":{"start":{"line":51,"column":17},"end":{"line":56,"column":6}},"14":{"start":{"line":58,"column":4},"end":{"line":58,"column":34}},"15":{"start":{"line":59,"column":4},"end":{"line":59,"column":36}},"16":{"start":{"line":61,"column":4},"end":{"line":64,"column":5}},"17":{"start":{"line":62,"column":20},"end":{"line":62,"column":50}},"18":{"start":{"line":63,"column":6},"end":{"line":63,"column":64}},"19":{"start":{"line":65,"column":4},"end":{"line":65,"column":16}},"20":{"start":{"line":70,"column":0},"end":{"line":93,"column":3}},"21":{"start":{"line":74,"column":2},"end":{"line":92,"column":3}},"22":{"start":{"line":75,"column":19},"end":{"line":75,"column":40}},"23":{"start":{"line":76,"column":4},"end":{"line":78,"column":5}},"24":{"start":{"line":77,"column":6},"end":{"line":77,"column":74}},"25":{"start":{"line":80,"column":32},"end":{"line":80,"column":40}},"26":{"start":{"line":82,"column":17},"end":{"line":82,"column":66}},"27":{"start":{"line":84,"column":4},"end":{"line":86,"column":5}},"28":{"start":{"line":85,"column":6},"end":{"line":85,"column":68}},"29":{"start":{"line":88,"column":4},"end":{"line":88,"column":34}},"30":{"start":{"line":89,"column":4},"end":{"line":89,"column":36}},"31":{"start":{"line":91,"column":4},"end":{"line":91,"column":16}},"32":{"start":{"line":96,"column":0},"end":{"line":108,"column":3}},"33":{"start":{"line":97,"column":2},"end":{"line":107,"column":3}},"34":{"start":{"line":98,"column":17},"end":{"line":98,"column":49}},"35":{"start":{"line":99,"column":4},"end":{"line":104,"column":7}},"36":{"start":{"line":106,"column":4},"end":{"line":106,"column":16}},"37":{"start":{"line":111,"column":0},"end":{"line":134,"column":3}},"38":{"start":{"line":115,"column":2},"end":{"line":133,"column":3}},"39":{"start":{"line":116,"column":19},"end":{"line":116,"column":40}},"40":{"start":{"line":117,"column":4},"end":{"line":119,"column":5}},"41":{"start":{"line":118,"column":6},"end":{"line":118,"column":74}},"42":{"start":{"line":121,"column":17},"end":{"line":121,"column":69}},"43":{"start":{"line":123,"column":4},"end":{"line":125,"column":5}},"44":{"start":{"line":124,"column":6},"end":{"line":124,"column":71}},"45":{"start":{"line":127,"column":4},"end":{"line":127,"column":41}},"46":{"start":{"line":128,"column":4},"end":{"line":128,"column":22}},"47":{"start":{"line":130,"column":4},"end":{"line":130,"column":36}},"48":{"start":{"line":132,"column":4},"end":{"line":132,"column":16}}},"fnMap":{"0":{"name":"(anonymous_0)","decl":{"start":{"line":10,"column":18},"end":{"line":10,"column":19}},"loc":{"start":{"line":10,"column":26},"end":{"line":14,"column":1}},"line":10},"1":{"name":"(anonymous_1)","decl":{"start":{"line":16,"column":24},"end":{"line":16,"column":25}},"loc":{"start":{"line":16,"column":51},"end":{"line":29,"column":1}},"line":16},"2":{"name":"(anonymous_2)","decl":{"start":{"line":42,"column":3},"end":{"line":42,"column":4}},"loc":{"start":{"line":42,"column":29},"end":{"line":67,"column":1}},"line":42},"3":{"name":"(anonymous_3)","decl":{"start":{"line":73,"column":3},"end":{"line":73,"column":4}},"loc":{"start":{"line":73,"column":29},"end":{"line":93,"column":1}},"line":73},"4":{"name":"(anonymous_4)","decl":{"start":{"line":96,"column":27},"end":{"line":96,"column":28}},"loc":{"start":{"line":96,"column":53},"end":{"line":108,"column":1}},"line":96},"5":{"name":"(anonymous_5)","decl":{"start":{"line":114,"column":3},"end":{"line":114,"column":4}},"loc":{"start":{"line":114,"column":29},"end":{"line":134,"column":1}},"line":114}},"branchMap":{"0":{"loc":{"start":{"line":45,"column":4},"end":{"line":47,"column":5}},"type":"if","locations":[{"start":{"line":45,"column":4},"end":{"line":47,"column":5}},{"start":{},"end":{}}],"line":45},"1":{"loc":{"start":{"line":61,"column":4},"end":{"line":64,"column":5}},"type":"if","locations":[{"start":{"line":61,"column":4},"end":{"line":64,"column":5}},{"start":{},"end":{}}],"line":61},"2":{"loc":{"start":{"line":76,"column":4},"end":{"line":78,"column":5}},"type":"if","locations":[{"start":{"line":76,"column":4},"end":{"line":78,"column":5}},{"start":{},"end":{}}],"line":76},"3":{"loc":{"start":{"line":84,"column":4},"end":{"line":86,"column":5}},"type":"if","locations":[{"start":{"line":84,"column":4},"end":{"line":86,"column":5}},{"start":{},"end":{}}],"line":84},"4":{"loc":{"start":{"line":84,"column":8},"end":{"line":84,"column":71}},"type":"binary-expr","locations":[{"start":{"line":84,"column":8},"end":{"line":84,"column":13}},{"start":{"line":84,"column":17},"end":{"line":84,"column":71}}],"line":84},"5":{"loc":{"start":{"line":117,"column":4},"end":{"line":119,"column":5}},"type":"if","locations":[{"start":{"line":117,"column":4},"end":{"line":119,"column":5}},{"start":{},"end":{}}],"line":117},"6":{"loc":{"start":{"line":123,"column":4},"end":{"line":125,"column":5}},"type":"if","locations":[{"start":{"line":123,"column":4},"end":{"line":125,"column":5}},{"start":{},"end":{}}],"line":123}},"s":{"0":0,"1":0,"2":0,"3":0,"4":0,"5":0,"6":0,"7":0,"8":0,"9":0,"10":0,"11":0,"12":0,"13":0,"14":0,"15":0,"16":0,"17":0,"18":0,"19":0,"20":0,"21":0,"22":0,"23":0,"24":0,"25":0,"26":0,"27":0,"28":0,"29":0,"30":0,"31":0,"32":0,"33":0,"34":0,"35":0,"36":0,"37":0,"38":0,"39":0,"40":0,"41":0,"42":0,"43":0,"44":0,"45":0,"46":0,"47":0,"48":0},"f":{"0":0,"1":0,"2":0,"3":0,"4":0,"5":0},"b":{"0":[0,0],"1":[0,0],"2":[0,0],"3":[0,0],"4":[0,0],"5":[0,0],"6":[0,0]}}
,"C:\\Users\\HP\\Documents\\MERN_STACK_ASSIGNMENT\\mern-final-project-Ghyslaine95\\backend\\routes\\emissions.js": {"path":"C:\\Users\\HP\\Documents\\MERN_STACK_ASSIGNMENT\\mern-final-project-Ghyslaine95\\backend\\routes\\emissions.js","statementMap":{"0":{"start":{"line":9,"column":15},"end":{"line":9,"column":31}},"1":{"start":{"line":12,"column":0},"end":{"line":12,"column":20}},"2":{"start":{"line":15,"column":0},"end":{"line":114,"column":3}},"3":{"start":{"line":21,"column":2},"end":{"line":113,"column":3}},"4":{"start":{"line":22,"column":4},"end":{"line":22,"column":64}},"5":{"start":{"line":25,"column":19},"end":{"line":25,"column":40}},"6":{"start":{"line":26,"column":4},"end":{"line":30,"column":5}},"7":{"start":{"line":27,"column":25},"end":{"line":27,"column":42}},"8":{"start":{"line":28,"column":6},"end":{"line":28,"column":58}},"9":{"start":{"line":29,"column":6},"end":{"line":29,"column":77}},"10":{"start":{"line":32,"column":62},"end":{"line":32,"column":70}},"11":{"start":{"line":34,"column":4},"end":{"line":42,"column":7}},"12":{"start":{"line":45,"column":26},"end":{"line":45,"column":44}},"13":{"start":{"line":46,"column":4},"end":{"line":46,"column":52}},"14":{"start":{"line":49,"column":4},"end":{"line":49,"column":97}},"15":{"start":{"line":52,"column":4},"end":{"line":77,"column":5}},"16":{"start":{"line":54,"column":6},"end":{"line":72,"column":7}},"17":{"start":{"line":56,"column":10},"end":{"line":56,"column":85}},"18":{"start":{"line":57,"column":10},"end":{"line":57,"column":16}},"19":{"start":{"line":59,"column":10},"end":{"line":59,"column":77}},"20":{"start":{"line":60,"column":10},"end":{"line":60,"column":16}},"21":{"start":{"line":62,"column":10},"end":{"line":62,"column":75}},"22":{"start":{"line":63,"column":10},"end":{"line":63,"column":16}},"23":{"start":{"line":65,"column":10},"end":{"line":65,"column":79}},"24":{"start":{"line":66,"column":10},"end":{"line":66,"column":16}},"25":{"start":{"line":68,"column":10},"end":{"line":68,"column":76}},"26":{"start":{"line":69,"column":10},"end":{"line":69,"column":16}},"27":{"start":{"line":71,"column":10},"end":{"line":71,"column":35}},"28":{"start":{"line":73,"column":6},"end":{"line":73,"column":47}},"29":{"start":{"line":75,"column":6},"end":{"line":75,"column":67}},"30":{"start":{"line":76,"column":6},"end":{"line":76,"column":94}},"31":{"start":{"line":80,"column":4},"end":{"line":80,"column":52}},"32":{"start":{"line":81,"column":21},"end":{"line":90,"column":6}},"33":{"start":{"line":92,"column":4},"end":{"line":92,"column":66}},"34":{"start":{"line":94,"column":4},"end":{"line":100,"column":7}},"35":{"start":{"line":103,"column":4},"end":{"line":103,"column":45}},"36":{"start":{"line":104,"column":4},"end":{"line":104,"column":45}},"37":{"start":{"line":105,"column":4},"end":{"line":105,"column":51}},"38":{"start":{"line":107,"column":4},"end":{"line":110,"column":5}},"39":{"start":{"line":108,"column":21},"end":{"line":108,"column":72}},"40":{"start":{"line":108,"column":60},"end":{"line":108,"column":71}},"41":{"start":{"line":109,"column":6},"end":{"line":109,"column":80}},"42":{"start":{"line":112,"column":4},"end":{"line":112,"column":75}},"43":{"start":{"line":117,"column":0},"end":{"line":165,"column":3}},"44":{"start":{"line":118,"column":2},"end":{"line":164,"column":3}},"45":{"start":{"line":119,"column":67},"end":{"line":119,"column":76}},"46":{"start":{"line":122,"column":19},"end":{"line":122,"column":40}},"47":{"start":{"line":125,"column":4},"end":{"line":127,"column":5}},"48":{"start":{"line":126,"column":6},"end":{"line":126,"column":33}},"49":{"start":{"line":130,"column":4},"end":{"line":138,"column":5}},"50":{"start":{"line":131,"column":6},"end":{"line":131,"column":23}},"51":{"start":{"line":132,"column":6},"end":{"line":134,"column":7}},"52":{"start":{"line":133,"column":8},"end":{"line":133,"column":47}},"53":{"start":{"line":135,"column":6},"end":{"line":137,"column":7}},"54":{"start":{"line":136,"column":8},"end":{"line":136,"column":45}},"55":{"start":{"line":140,"column":4},"end":{"line":140,"column":62}},"56":{"start":{"line":142,"column":22},"end":{"line":145,"column":31}},"57":{"start":{"line":147,"column":18},"end":{"line":147,"column":55}},"58":{"start":{"line":149,"column":4},"end":{"line":160,"column":7}},"59":{"start":{"line":162,"column":4},"end":{"line":162,"column":56}},"60":{"start":{"line":163,"column":4},"end":{"line":163,"column":16}},"61":{"start":{"line":170,"column":0},"end":{"line":231,"column":3}},"62":{"start":{"line":171,"column":2},"end":{"line":230,"column":3}},"63":{"start":{"line":172,"column":33},"end":{"line":172,"column":42}},"64":{"start":{"line":173,"column":22},"end":{"line":173,"column":42}},"65":{"start":{"line":175,"column":4},"end":{"line":175,"column":79}},"66":{"start":{"line":177,"column":18},"end":{"line":207,"column":6}},"67":{"start":{"line":209,"column":27},"end":{"line":209,"column":78}},"68":{"start":{"line":209,"column":55},"end":{"line":209,"column":74}},"69":{"start":{"line":210,"column":25},"end":{"line":210,"column":73}},"70":{"start":{"line":210,"column":53},"end":{"line":210,"column":69}},"71":{"start":{"line":212,"column":4},"end":{"line":216,"column":7}},"72":{"start":{"line":218,"column":4},"end":{"line":226,"column":7}},"73":{"start":{"line":228,"column":4},"end":{"line":228,"column":61}},"74":{"start":{"line":229,"column":4},"end":{"line":229,"column":16}},"75":{"start":{"line":234,"column":0},"end":{"line":304,"column":3}},"76":{"start":{"line":235,"column":2},"end":{"line":303,"column":3}},"77":{"start":{"line":236,"column":33},"end":{"line":236,"column":42}},"78":{"start":{"line":237,"column":22},"end":{"line":237,"column":42}},"79":{"start":{"line":240,"column":4},"end":{"line":252,"column":5}},"80":{"start":{"line":242,"column":8},"end":{"line":242,"column":33}},"81":{"start":{"line":243,"column":8},"end":{"line":243,"column":14}},"82":{"start":{"line":245,"column":8},"end":{"line":245,"column":33}},"83":{"start":{"line":246,"column":8},"end":{"line":246,"column":14}},"84":{"start":{"line":248,"column":8},"end":{"line":248,"column":30}},"85":{"start":{"line":249,"column":8},"end":{"line":249,"column":14}},"86":{"start":{"line":251,"column":8},"end":{"line":251,"column":33}},"87":{"start":{"line":254,"column":4},"end":{"line":254,"column":92}},"88":{"start":{"line":256,"column":30},"end":{"line":289,"column":6}},"89":{"start":{"line":291,"column":4},"end":{"line":291,"column":57}},"90":{"start":{"line":293,"column":4},"end":{"line":299,"column":7}},"91":{"start":{"line":301,"column":4},"end":{"line":301,"column":66}},"92":{"start":{"line":302,"column":4},"end":{"line":302,"column":16}},"93":{"start":{"line":307,"column":0},"end":{"line":373,"column":3}},"94":{"start":{"line":308,"column":2},"end":{"line":372,"column":3}},"95":{"start":{"line":309,"column":33},"end":{"line":309,"column":42}},"96":{"start":{"line":310,"column":22},"end":{"line":310,"column":42}},"97":{"start":{"line":312,"column":4},"end":{"line":312,"column":72}},"98":{"start":{"line":314,"column":22},"end":{"line":358,"column":6}},"99":{"start":{"line":360,"column":4},"end":{"line":360,"column":53}},"100":{"start":{"line":362,"column":4},"end":{"line":368,"column":7}},"101":{"start":{"line":370,"column":4},"end":{"line":370,"column":65}},"102":{"start":{"line":371,"column":4},"end":{"line":371,"column":16}},"103":{"start":{"line":376,"column":0},"end":{"line":391,"column":3}},"104":{"start":{"line":377,"column":2},"end":{"line":390,"column":3}},"105":{"start":{"line":378,"column":25},"end":{"line":378,"column":35}},"106":{"start":{"line":379,"column":23},"end":{"line":379,"column":74}},"107":{"start":{"line":381,"column":4},"end":{"line":387,"column":7}},"108":{"start":{"line":389,"column":4},"end":{"line":389,"column":16}},"109":{"start":{"line":396,"column":0},"end":{"line":422,"column":3}},"110":{"start":{"line":397,"column":2},"end":{"line":421,"column":3}},"111":{"start":{"line":399,"column":4},"end":{"line":401,"column":5}},"112":{"start":{"line":400,"column":6},"end":{"line":400,"column":60}},"113":{"start":{"line":403,"column":21},"end":{"line":406,"column":6}},"114":{"start":{"line":408,"column":4},"end":{"line":410,"column":5}},"115":{"start":{"line":409,"column":6},"end":{"line":409,"column":71}},"116":{"start":{"line":412,"column":4},"end":{"line":417,"column":7}},"117":{"start":{"line":419,"column":4},"end":{"line":419,"column":55}},"118":{"start":{"line":420,"column":4},"end":{"line":420,"column":16}},"119":{"start":{"line":425,"column":0},"end":{"line":495,"column":3}},"120":{"start":{"line":426,"column":2},"end":{"line":494,"column":3}},"121":{"start":{"line":428,"column":4},"end":{"line":430,"column":5}},"122":{"start":{"line":429,"column":6},"end":{"line":429,"column":60}},"123":{"start":{"line":432,"column":62},"end":{"line":432,"column":70}},"124":{"start":{"line":435,"column":21},"end":{"line":438,"column":6}},"125":{"start":{"line":440,"column":4},"end":{"line":442,"column":5}},"126":{"start":{"line":441,"column":6},"end":{"line":441,"column":71}},"127":{"start":{"line":445,"column":4},"end":{"line":445,"column":47}},"128":{"start":{"line":445,"column":18},"end":{"line":445,"column":47}},"129":{"start":{"line":446,"column":4},"end":{"line":446,"column":47}},"130":{"start":{"line":446,"column":18},"end":{"line":446,"column":47}},"131":{"start":{"line":447,"column":4},"end":{"line":447,"column":67}},"132":{"start":{"line":447,"column":30},"end":{"line":447,"column":67}},"133":{"start":{"line":448,"column":4},"end":{"line":448,"column":35}},"134":{"start":{"line":448,"column":14},"end":{"line":448,"column":35}},"135":{"start":{"line":449,"column":4},"end":{"line":449,"column":52}},"136":{"start":{"line":449,"column":29},"end":{"line":449,"column":52}},"137":{"start":{"line":450,"column":4},"end":{"line":450,"column":45}},"138":{"start":{"line":450,"column":14},"end":{"line":450,"column":45}},"139":{"start":{"line":453,"column":4},"end":{"line":479,"column":5}},"140":{"start":{"line":454,"column":28},"end":{"line":454,"column":57}},"141":{"start":{"line":455,"column":28},"end":{"line":455,"column":57}},"142":{"start":{"line":456,"column":26},"end":{"line":456,"column":85}},"143":{"start":{"line":459,"column":6},"end":{"line":477,"column":7}},"144":{"start":{"line":461,"column":10},"end":{"line":461,"column":88}},"145":{"start":{"line":462,"column":10},"end":{"line":462,"column":16}},"146":{"start":{"line":464,"column":10},"end":{"line":464,"column":80}},"147":{"start":{"line":465,"column":10},"end":{"line":465,"column":16}},"148":{"start":{"line":467,"column":10},"end":{"line":467,"column":78}},"149":{"start":{"line":468,"column":10},"end":{"line":468,"column":16}},"150":{"start":{"line":470,"column":10},"end":{"line":470,"column":82}},"151":{"start":{"line":471,"column":10},"end":{"line":471,"column":16}},"152":{"start":{"line":473,"column":10},"end":{"line":473,"column":79}},"153":{"start":{"line":474,"column":10},"end":{"line":474,"column":16}},"154":{"start":{"line":476,"column":10},"end":{"line":476,"column":33}},"155":{"start":{"line":478,"column":6},"end":{"line":478,"column":27}},"156":{"start":{"line":481,"column":4},"end":{"line":481,"column":26}},"157":{"start":{"line":483,"column":4},"end":{"line":483,"column":66}},"158":{"start":{"line":485,"column":4},"end":{"line":490,"column":7}},"159":{"start":{"line":492,"column":4},"end":{"line":492,"column":55}},"160":{"start":{"line":493,"column":4},"end":{"line":493,"column":16}},"161":{"start":{"line":498,"column":0},"end":{"line":525,"column":3}},"162":{"start":{"line":499,"column":2},"end":{"line":524,"column":3}},"163":{"start":{"line":501,"column":4},"end":{"line":503,"column":5}},"164":{"start":{"line":502,"column":6},"end":{"line":502,"column":60}},"165":{"start":{"line":505,"column":21},"end":{"line":508,"column":6}},"166":{"start":{"line":510,"column":4},"end":{"line":512,"column":5}},"167":{"start":{"line":511,"column":6},"end":{"line":511,"column":71}},"168":{"start":{"line":514,"column":4},"end":{"line":514,"column":67}},"169":{"start":{"line":516,"column":4},"end":{"line":520,"column":7}},"170":{"start":{"line":522,"column":4},"end":{"line":522,"column":55}},"171":{"start":{"line":523,"column":4},"end":{"line":523,"column":16}},"172":{"start":{"line":529,"column":14},"end":{"line":529,"column":24}},"173":{"start":{"line":530,"column":2},"end":{"line":541,"column":3}},"174":{"start":{"line":532,"column":6},"end":{"line":532,"column":54}},"175":{"start":{"line":534,"column":6},"end":{"line":534,"column":56}},"176":{"start":{"line":536,"column":6},"end":{"line":536,"column":62}},"177":{"start":{"line":538,"column":6},"end":{"line":538,"column":25}},"178":{"start":{"line":540,"column":6},"end":{"line":540,"column":56}}},"fnMap":{"0":{"name":"(anonymous_0)","decl":{"start":{"line":20,"column":3},"end":{"line":20,"column":4}},"loc":{"start":{"line":20,"column":29},"end":{"line":114,"column":1}},"line":20},"1":{"name":"(anonymous_1)","decl":{"start":{"line":108,"column":53},"end":{"line":108,"column":54}},"loc":{"start":{"line":108,"column":60},"end":{"line":108,"column":71}},"line":108},"2":{"name":"(anonymous_2)","decl":{"start":{"line":117,"column":16},"end":{"line":117,"column":17}},"loc":{"start":{"line":117,"column":42},"end":{"line":165,"column":1}},"line":117},"3":{"name":"(anonymous_3)","decl":{"start":{"line":170,"column":29},"end":{"line":170,"column":30}},"loc":{"start":{"line":170,"column":55},"end":{"line":231,"column":1}},"line":170},"4":{"name":"(anonymous_4)","decl":{"start":{"line":209,"column":40},"end":{"line":209,"column":41}},"loc":{"start":{"line":209,"column":55},"end":{"line":209,"column":74}},"line":209},"5":{"name":"(anonymous_5)","decl":{"start":{"line":210,"column":38},"end":{"line":210,"column":39}},"loc":{"start":{"line":210,"column":53},"end":{"line":210,"column":69}},"line":210},"6":{"name":"(anonymous_6)","decl":{"start":{"line":234,"column":31},"end":{"line":234,"column":32}},"loc":{"start":{"line":234,"column":57},"end":{"line":304,"column":1}},"line":234},"7":{"name":"(anonymous_7)","decl":{"start":{"line":307,"column":40},"end":{"line":307,"column":41}},"loc":{"start":{"line":307,"column":66},"end":{"line":373,"column":1}},"line":307},"8":{"name":"(anonymous_8)","decl":{"start":{"line":376,"column":36},"end":{"line":376,"column":37}},"loc":{"start":{"line":376,"column":62},"end":{"line":391,"column":1}},"line":376},"9":{"name":"(anonymous_9)","decl":{"start":{"line":396,"column":19},"end":{"line":396,"column":20}},"loc":{"start":{"line":396,"column":45},"end":{"line":422,"column":1}},"line":396},"10":{"name":"(anonymous_10)","decl":{"start":{"line":425,"column":19},"end":{"line":425,"column":20}},"loc":{"start":{"line":425,"column":45},"end":{"line":495,"column":1}},"line":425},"11":{"name":"(anonymous_11)","decl":{"start":{"line":498,"column":22},"end":{"line":498,"column":23}},"loc":{"start":{"line":498,"column":48},"end":{"line":525,"column":1}},"line":498},"12":{"name":"getStartDate","decl":{"start":{"line":528,"column":9},"end":{"line":528,"column":21}},"loc":{"start":{"line":528,"column":30},"end":{"line":542,"column":1}},"line":528}},"branchMap":{"0":{"loc":{"start":{"line":26,"column":4},"end":{"line":30,"column":5}},"type":"if","locations":[{"start":{"line":26,"column":4},"end":{"line":30,"column":5}},{"start":{},"end":{}}],"line":26},"1":{"loc":{"start":{"line":54,"column":6},"end":{"line":72,"column":7}},"type":"switch","locations":[{"start":{"line":55,"column":8},"end":{"line":57,"column":16}},{"start":{"line":58,"column":8},"end":{"line":60,"column":16}},{"start":{"line":61,"column":8},"end":{"line":63,"column":16}},{"start":{"line":64,"column":8},"end":{"line":66,"column":16}},{"start":{"line":67,"column":8},"end":{"line":69,"column":16}},{"start":{"line":70,"column":8},"end":{"line":71,"column":35}}],"line":54},"2":{"loc":{"start":{"line":88,"column":12},"end":{"line":88,"column":46}},"type":"cond-expr","locations":[{"start":{"line":88,"column":19},"end":{"line":88,"column":33}},{"start":{"line":88,"column":36},"end":{"line":88,"column":46}}],"line":88},"3":{"loc":{"start":{"line":89,"column":13},"end":{"line":89,"column":24}},"type":"binary-expr","locations":[{"start":{"line":89,"column":13},"end":{"line":89,"column":18}},{"start":{"line":89,"column":22},"end":{"line":89,"column":24}}],"line":89},"4":{"loc":{"start":{"line":107,"column":4},"end":{"line":110,"column":5}},"type":"if","locations":[{"start":{"line":107,"column":4},"end":{"line":110,"column":5}},{"start":{},"end":{}}],"line":107},"5":{"loc":{"start":{"line":119,"column":12},"end":{"line":119,"column":20}},"type":"default-arg","locations":[{"start":{"line":119,"column":19},"end":{"line":119,"column":20}}],"line":119},"6":{"loc":{"start":{"line":119,"column":22},"end":{"line":119,"column":32}},"type":"default-arg","locations":[{"start":{"line":119,"column":30},"end":{"line":119,"column":32}}],"line":119},"7":{"loc":{"start":{"line":125,"column":4},"end":{"line":127,"column":5}},"type":"if","locations":[{"start":{"line":125,"column":4},"end":{"line":127,"column":5}},{"start":{},"end":{}}],"line":125},"8":{"loc":{"start":{"line":125,"column":8},"end":{"line":125,"column":35}},"type":"binary-expr","locations":[{"start":{"line":125,"column":8},"end":{"line":125,"column":16}},{"start":{"line":125,"column":20},"end":{"line":125,"column":35}}],"line":125},"9":{"loc":{"start":{"line":130,"column":4},"end":{"line":138,"column":5}},"type":"if","locations":[{"start":{"line":130,"column":4},"end":{"line":138,"column":5}},{"start":{},"end":{}}],"line":130},"10":{"loc":{"start":{"line":130,"column":8},"end":{"line":130,"column":28}},"type":"binary-expr","locations":[{"start":{"line":130,"column":8},"end":{"line":130,"column":17}},{"start":{"line":130,"column":21},"end":{"line":130,"column":28}}],"line":130},"11":{"loc":{"start":{"line":132,"column":6},"end":{"line":134,"column":7}},"type":"if","locations":[{"start":{"line":132,"column":6},"end":{"line":134,"column":7}},{"start":{},"end":{}}],"line":132},"12":{"loc":{"start":{"line":132,"column":10},"end":{"line":132,"column":39}},"type":"binary-expr","locations":[{"start":{"line":132,"column":10},"end":{"line":132,"column":19}},{"start":{"line":132,"column":23},"end":{"line":132,"column":39}}],"line":132},"13":{"loc":{"start":{"line":135,"column":6},"end":{"line":137,"column":7}},"type":"if","locations":[{"start":{"line":135,"column":6},"end":{"line":137,"column":7}},{"start":{},"end":{}}],"line":135},"14":{"loc":{"start":{"line":135,"column":10},"end":{"line":135,"column":35}},"type":"binary-expr","locations":[{"start":{"line":135,"column":10},"end":{"line":135,"column":17}},{"start":{"line":135,"column":21},"end":{"line":135,"column":35}}],"line":135},"15":{"loc":{"start":{"line":172,"column":12},"end":{"line":172,"column":28}},"type":"default-arg","locations":[{"start":{"line":172,"column":21},"end":{"line":172,"column":28}}],"line":172},"16":{"loc":{"start":{"line":236,"column":12},"end":{"line":236,"column":28}},"type":"default-arg","locations":[{"start":{"line":236,"column":21},"end":{"line":236,"column":28}}],"line":236},"17":{"loc":{"start":{"line":240,"column":4},"end":{"line":252,"column":5}},"type":"switch","locations":[{"start":{"line":241,"column":6},"end":{"line":243,"column":14}},{"start":{"line":244,"column":6},"end":{"line":246,"column":14}},{"start":{"line":247,"column":6},"end":{"line":249,"column":14}},{"start":{"line":250,"column":6},"end":{"line":251,"column":33}}],"line":240},"18":{"loc":{"start":{"line":309,"column":12},"end":{"line":309,"column":28}},"type":"default-arg","locations":[{"start":{"line":309,"column":21},"end":{"line":309,"column":28}}],"line":309},"19":{"loc":{"start":{"line":399,"column":4},"end":{"line":401,"column":5}},"type":"if","locations":[{"start":{"line":399,"column":4},"end":{"line":401,"column":5}},{"start":{},"end":{}}],"line":399},"20":{"loc":{"start":{"line":408,"column":4},"end":{"line":410,"column":5}},"type":"if","locations":[{"start":{"line":408,"column":4},"end":{"line":410,"column":5}},{"start":{},"end":{}}],"line":408},"21":{"loc":{"start":{"line":428,"column":4},"end":{"line":430,"column":5}},"type":"if","locations":[{"start":{"line":428,"column":4},"end":{"line":430,"column":5}},{"start":{},"end":{}}],"line":428},"22":{"loc":{"start":{"line":440,"column":4},"end":{"line":442,"column":5}},"type":"if","locations":[{"start":{"line":440,"column":4},"end":{"line":442,"column":5}},{"start":{},"end":{}}],"line":440},"23":{"loc":{"start":{"line":445,"column":4},"end":{"line":445,"column":47}},"type":"if","locations":[{"start":{"line":445,"column":4},"end":{"line":445,"column":47}},{"start":{},"end":{}}],"line":445},"24":{"loc":{"start":{"line":446,"column":4},"end":{"line":446,"column":47}},"type":"if","locations":[{"start":{"line":446,"column":4},"end":{"line":446,"column":47}},{"start":{},"end":{}}],"line":446},"25":{"loc":{"start":{"line":447,"column":4},"end":{"line":447,"column":67}},"type":"if","locations":[{"start":{"line":447,"column":4},"end":{"line":447,"column":67}},{"start":{},"end":{}}],"line":447},"26":{"loc":{"start":{"line":448,"column":4},"end":{"line":448,"column":35}},"type":"if","locations":[{"start":{"line":448,"column":4},"end":{"line":448,"column":35}},{"start":{},"end":{}}],"line":448},"27":{"loc":{"start":{"line":449,"column":4},"end":{"line":449,"column":52}},"type":"if","locations":[{"start":{"line":449,"column":4},"end":{"line":449,"column":52}},{"start":{},"end":{}}],"line":449},"28":{"loc":{"start":{"line":450,"column":4},"end":{"line":450,"column":45}},"type":"if","locations":[{"start":{"line":450,"column":4},"end":{"line":450,"column":45}},{"start":{},"end":{}}],"line":450},"29":{"loc":{"start":{"line":453,"column":4},"end":{"line":479,"column":5}},"type":"if","locations":[{"start":{"line":453,"column":4},"end":{"line":479,"column":5}},{"start":{},"end":{}}],"line":453},"30":{"loc":{"start":{"line":453,"column":8},"end":{"line":453,"column":52}},"type":"binary-expr","locations":[{"start":{"line":453,"column":8},"end":{"line":453,"column":16}},{"start":{"line":453,"column":20},"end":{"line":453,"column":28}},{"start":{"line":453,"column":32},"end":{"line":453,"column":52}}],"line":453},"31":{"loc":{"start":{"line":454,"column":28},"end":{"line":454,"column":57}},"type":"binary-expr","locations":[{"start":{"line":454,"column":28},"end":{"line":454,"column":36}},{"start":{"line":454,"column":40},"end":{"line":454,"column":57}}],"line":454},"32":{"loc":{"start":{"line":455,"column":28},"end":{"line":455,"column":57}},"type":"binary-expr","locations":[{"start":{"line":455,"column":28},"end":{"line":455,"column":36}},{"start":{"line":455,"column":40},"end":{"line":455,"column":57}}],"line":455},"33":{"loc":{"start":{"line":456,"column":26},"end":{"line":456,"column":85}},"type":"cond-expr","locations":[{"start":{"line":456,"column":49},"end":{"line":456,"column":67}},{"start":{"line":456,"column":70},"end":{"line":456,"column":85}}],"line":456},"34":{"loc":{"start":{"line":459,"column":6},"end":{"line":477,"column":7}},"type":"switch","locations":[{"start":{"line":460,"column":8},"end":{"line":462,"column":16}},{"start":{"line":463,"column":8},"end":{"line":465,"column":16}},{"start":{"line":466,"column":8},"end":{"line":468,"column":16}},{"start":{"line":469,"column":8},"end":{"line":471,"column":16}},{"start":{"line":472,"column":8},"end":{"line":474,"column":16}},{"start":{"line":475,"column":8},"end":{"line":476,"column":33}}],"line":459},"35":{"loc":{"start":{"line":501,"column":4},"end":{"line":503,"column":5}},"type":"if","locations":[{"start":{"line":501,"column":4},"end":{"line":503,"column":5}},{"start":{},"end":{}}],"line":501},"36":{"loc":{"start":{"line":510,"column":4},"end":{"line":512,"column":5}},"type":"if","locations":[{"start":{"line":510,"column":4},"end":{"line":512,"column":5}},{"start":{},"end":{}}],"line":510},"37":{"loc":{"start":{"line":530,"column":2},"end":{"line":541,"column":3}},"type":"switch","locations":[{"start":{"line":531,"column":4},"end":{"line":532,"column":54}},{"start":{"line":533,"column":4},"end":{"line":534,"column":56}},{"start":{"line":535,"column":4},"end":{"line":536,"column":62}},{"start":{"line":537,"column":4},"end":{"line":538,"column":25}},{"start":{"line":539,"column":4},"end":{"line":540,"column":56}}],"line":530}},"s":{"0":0,"1":0,"2":0,"3":0,"4":0,"5":0,"6":0,"7":0,"8":0,"9":0,"10":0,"11":0,"12":0,"13":0,"14":0,"15":0,"16":0,"17":0,"18":0,"19":0,"20":0,"21":0,"22":0,"23":0,"24":0,"25":0,"26":0,"27":0,"28":0,"29":0,"30":0,"31":0,"32":0,"33":0,"34":0,"35":0,"36":0,"37":0,"38":0,"39":0,"40":0,"41":0,"42":0,"43":0,"44":0,"45":0,"46":0,"47":0,"48":0,"49":0,"50":0,"51":0,"52":0,"53":0,"54":0,"55":0,"56":0,"57":0,"58":0,"59":0,"60":0,"61":0,"62":0,"63":0,"64":0,"65":0,"66":0,"67":0,"68":0,"69":0,"70":0,"71":0,"72":0,"73":0,"74":0,"75":0,"76":0,"77":0,"78":0,"79":0,"80":0,"81":0,"82":0,"83":0,"84":0,"85":0,"86":0,"87":0,"88":0,"89":0,"90":0,"91":0,"92":0,"93":0,"94":0,"95":0,"96":0,"97":0,"98":0,"99":0,"100":0,"101":0,"102":0,"103":0,"104":0,"105":0,"106":0,"107":0,"108":0,"109":0,"110":0,"111":0,"112":0,"113":0,"114":0,"115":0,"116":0,"117":0,"118":0,"119":0,"120":0,"121":0,"122":0,"123":0,"124":0,"125":0,"126":0,"127":0,"128":0,"129":0,"130":0,"131":0,"132":0,"133":0,"134":0,"135":0,"136":0,"137":0,"138":0,"139":0,"140":0,"141":0,"142":0,"143":0,"144":0,"145":0,"146":0,"147":0,"148":0,"149":0,"150":0,"151":0,"152":0,"153":0,"154":0,"155":0,"156":0,"157":0,"158":0,"159":0,"160":0,"161":0,"162":0,"163":0,"164":0,"165":0,"166":0,"167":0,"168":0,"169":0,"170":0,"171":0,"172":0,"173":0,"174":0,"175":0,"176":0,"177":0,"178":0},"f":{"0":0,"1":0,"2":0,"3":0,"4":0,"5":0,"6":0,"7":0,"8":0,"9":0,"10":0,"11":0,"12":0},"b":{"0":[0,0],"1":[0,0,0,0,0,0],"2":[0,0],"3":[0,0],"4":[0,0],"5":[0],"6":[0],"7":[0,0],"8":[0,0],"9":[0,0],"10":[0,0],"11":[0,0],"12":[0,0],"13":[0,0],"14":[0,0],"15":[0],"16":[0],"17":[0,0,0,0],"18":[0],"19":[0,0],"20":[0,0],"21":[0,0],"22":[0,0],"23":[0,0],"24":[0,0],"25":[0,0],"26":[0,0],"27":[0,0],"28":[0,0],"29":[0,0],"30":[0,0,0],"31":[0,0],"32":[0,0],"33":[0,0],"34":[0,0,0,0,0,0],"35":[0,0],"36":[0,0],"37":[0,0,0,0,0]}}
,"C:\\Users\\HP\\Documents\\MERN_STACK_ASSIGNMENT\\mern-final-project-Ghyslaine95\\backend\\routes\\users.js": {"path":"C:\\Users\\HP\\Documents\\MERN_STACK_ASSIGNMENT\\mern-final-project-Ghyslaine95\\backend\\routes\\users.js","statementMap":{"0":{"start":{"line":7,"column":15},"end":{"line":7,"column":31}},"1":{"start":{"line":10,"column":0},"end":{"line":10,"column":20}},"2":{"start":{"line":13,"column":0},"end":{"line":26,"column":3}},"3":{"start":{"line":14,"column":2},"end":{"line":25,"column":3}},"4":{"start":{"line":15,"column":17},"end":{"line":15,"column":49}},"5":{"start":{"line":17,"column":4},"end":{"line":22,"column":7}},"6":{"start":{"line":24,"column":4},"end":{"line":24,"column":16}},"7":{"start":{"line":29,"column":0},"end":{"line":63,"column":3}},"8":{"start":{"line":33,"column":2},"end":{"line":62,"column":3}},"9":{"start":{"line":34,"column":19},"end":{"line":34,"column":40}},"10":{"start":{"line":35,"column":4},"end":{"line":37,"column":5}},"11":{"start":{"line":36,"column":6},"end":{"line":36,"column":74}},"12":{"start":{"line":39,"column":17},"end":{"line":49,"column":5}},"13":{"start":{"line":51,"column":4},"end":{"line":56,"column":7}},"14":{"start":{"line":58,"column":4},"end":{"line":60,"column":5}},"15":{"start":{"line":59,"column":6},"end":{"line":59,"column":73}},"16":{"start":{"line":61,"column":4},"end":{"line":61,"column":16}},"17":{"start":{"line":66,"column":0},"end":{"line":87,"column":3}},"18":{"start":{"line":67,"column":2},"end":{"line":86,"column":3}},"19":{"start":{"line":68,"column":17},"end":{"line":76,"column":5}},"20":{"start":{"line":78,"column":4},"end":{"line":83,"column":7}},"21":{"start":{"line":85,"column":4},"end":{"line":85,"column":16}},"22":{"start":{"line":90,"column":0},"end":{"line":103,"column":3}},"23":{"start":{"line":91,"column":2},"end":{"line":102,"column":3}},"24":{"start":{"line":92,"column":17},"end":{"line":92,"column":49}},"25":{"start":{"line":94,"column":4},"end":{"line":99,"column":7}},"26":{"start":{"line":101,"column":4},"end":{"line":101,"column":16}}},"fnMap":{"0":{"name":"(anonymous_0)","decl":{"start":{"line":13,"column":23},"end":{"line":13,"column":24}},"loc":{"start":{"line":13,"column":49},"end":{"line":26,"column":1}},"line":13},"1":{"name":"(anonymous_1)","decl":{"start":{"line":32,"column":3},"end":{"line":32,"column":4}},"loc":{"start":{"line":32,"column":29},"end":{"line":63,"column":1}},"line":32},"2":{"name":"(anonymous_2)","decl":{"start":{"line":66,"column":27},"end":{"line":66,"column":28}},"loc":{"start":{"line":66,"column":53},"end":{"line":87,"column":1}},"line":66},"3":{"name":"(anonymous_3)","decl":{"start":{"line":90,"column":21},"end":{"line":90,"column":22}},"loc":{"start":{"line":90,"column":47},"end":{"line":103,"column":1}},"line":90}},"branchMap":{"0":{"loc":{"start":{"line":35,"column":4},"end":{"line":37,"column":5}},"type":"if","locations":[{"start":{"line":35,"column":4},"end":{"line":37,"column":5}},{"start":{},"end":{}}],"line":35},"1":{"loc":{"start":{"line":43,"column":13},"end":{"line":43,"column":62}},"type":"binary-expr","locations":[{"start":{"line":43,"column":13},"end":{"line":43,"column":29}},{"start":{"line":43,"column":33},"end":{"line":43,"column":62}}],"line":43},"2":{"loc":{"start":{"line":44,"column":13},"end":{"line":44,"column":65}},"type":"binary-expr","locations":[{"start":{"line":44,"column":13},"end":{"line":44,"column":30}},{"start":{"line":44,"column":34},"end":{"line":44,"column":65}}],"line":44},"3":{"loc":{"start":{"line":45,"column":13},"end":{"line":45,"column":56}},"type":"binary-expr","locations":[{"start":{"line":45,"column":13},"end":{"line":45,"column":27}},{"start":{"line":45,"column":31},"end":{"line":45,"column":56}}],"line":45},"4":{"loc":{"start":{"line":58,"column":4},"end":{"line":60,"column":5}},"type":"if","locations":[{"start":{"line":58,"column":4},"end":{"line":60,"column":5}},{"start":{},"end":{}}],"line":58}},"s":{"0":0,"1":0,"2":0,"3":0,"4":0,"5":0,"6":0,"7":0,"8":0,"9":0,"10":0,"11":0,"12":0,"13":0,"14":0,"15":0,"16":0,"17":0,"18":0,"19":0,"20":0,"21":0,"22":0,"23":0,"24":0,"25":0,"26":0},"f":{"0":0,"1":0,"2":0,"3":0},"b":{"0":[0,0],"1":[0,0],"2":[0,0],"3":[0,0],"4":[0,0]}}
,"C:\\Users\\HP\\Documents\\MERN_STACK_ASSIGNMENT\\mern-final-project-Ghyslaine95\\backend\\services\\emissionCalculator.js": {"path":"C:\\Users\\HP\\Documents\\MERN_STACK_ASSIGNMENT\\mern-final-project-Ghyslaine95\\backend\\services\\emissionCalculator.js","statementMap":{"0":{"start":{"line":2,"column":25},"end":{"line":40,"column":1}},"1":{"start":{"line":44,"column":25},"end":{"line":44,"column":73}},"2":{"start":{"line":45,"column":4},"end":{"line":45,"column":69}},"3":{"start":{"line":49,"column":4},"end":{"line":49,"column":55}},"4":{"start":{"line":53,"column":4},"end":{"line":53,"column":54}},"5":{"start":{"line":57,"column":4},"end":{"line":57,"column":58}},"6":{"start":{"line":61,"column":4},"end":{"line":61,"column":49}},"7":{"start":{"line":65,"column":4},"end":{"line":65,"column":57}},"8":{"start":{"line":69,"column":4},"end":{"line":69,"column":55}}},"fnMap":{"0":{"name":"(anonymous_0)","decl":{"start":{"line":43,"column":2},"end":{"line":43,"column":3}},"loc":{"start":{"line":43,"column":65},"end":{"line":46,"column":3}},"line":43},"1":{"name":"(anonymous_1)","decl":{"start":{"line":48,"column":2},"end":{"line":48,"column":3}},"loc":{"start":{"line":48,"column":44},"end":{"line":50,"column":3}},"line":48},"2":{"name":"(anonymous_2)","decl":{"start":{"line":52,"column":2},"end":{"line":52,"column":3}},"loc":{"start":{"line":52,"column":43},"end":{"line":54,"column":3}},"line":52},"3":{"name":"(anonymous_3)","decl":{"start":{"line":56,"column":2},"end":{"line":56,"column":3}},"loc":{"start":{"line":56,"column":51},"end":{"line":58,"column":3}},"line":56},"4":{"name":"(anonymous_4)","decl":{"start":{"line":60,"column":2},"end":{"line":60,"column":3}},"loc":{"start":{"line":60,"column":38},"end":{"line":62,"column":3}},"line":60},"5":{"name":"(anonymous_5)","decl":{"start":{"line":64,"column":2},"end":{"line":64,"column":3}},"loc":{"start":{"line":64,"column":42},"end":{"line":66,"column":3}},"line":64},"6":{"name":"(anonymous_6)","decl":{"start":{"line":68,"column":2},"end":{"line":68,"column":3}},"loc":{"start":{"line":68,"column":47},"end":{"line":70,"column":3}},"line":68}},"branchMap":{"0":{"loc":{"start":{"line":43,"column":49},"end":{"line":43,"column":63}},"type":"default-arg","locations":[{"start":{"line":43,"column":62},"end":{"line":43,"column":63}}],"line":43},"1":{"loc":{"start":{"line":45,"column":11},"end":{"line":45,"column":68}},"type":"cond-expr","locations":[{"start":{"line":45,"column":28},"end":{"line":45,"column":53}},{"start":{"line":45,"column":56},"end":{"line":45,"column":68}}],"line":45},"2":{"loc":{"start":{"line":56,"column":37},"end":{"line":56,"column":49}},"type":"default-arg","locations":[{"start":{"line":56,"column":48},"end":{"line":56,"column":49}}],"line":56},"3":{"loc":{"start":{"line":65,"column":23},"end":{"line":65,"column":55}},"type":"binary-expr","locations":[{"start":{"line":65,"column":23},"end":{"line":65,"column":49}},{"start":{"line":65,"column":53},"end":{"line":65,"column":55}}],"line":65},"4":{"loc":{"start":{"line":69,"column":11},"end":{"line":69,"column":54}},"type":"binary-expr","locations":[{"start":{"line":69,"column":11},"end":{"line":69,"column":49}},{"start":{"line":69,"column":53},"end":{"line":69,"column":54}}],"line":69}},"s":{"0":0,"1":0,"2":0,"3":0,"4":0,"5":0,"6":0,"7":0,"8":0},"f":{"0":0,"1":0,"2":0,"3":0,"4":0,"5":0,"6":0},"b":{"0":[0],"1":[0,0],"2":[0],"3":[0,0],"4":[0,0]}}
,"C:\\Users\\HP\\Documents\\MERN_STACK_ASSIGNMENT\\mern-final-project-Ghyslaine95\\backend\\utils\\AppError.js": {"path":"C:\\Users\\HP\\Documents\\MERN_STACK_ASSIGNMENT\\mern-final-project-Ghyslaine95\\backend\\utils\\AppError.js","statementMap":{"0":{"start":{"line":3,"column":4},"end":{"line":3,"column":19}},"1":{"start":{"line":4,"column":4},"end":{"line":4,"column":33}},"2":{"start":{"line":5,"column":4},"end":{"line":5,"column":69}},"3":{"start":{"line":6,"column":4},"end":{"line":6,"column":25}},"4":{"start":{"line":7,"column":4},"end":{"line":7,"column":30}},"5":{"start":{"line":9,"column":4},"end":{"line":9,"column":52}}},"fnMap":{"0":{"name":"(anonymous_0)","decl":{"start":{"line":2,"column":2},"end":{"line":2,"column":3}},"loc":{"start":{"line":2,"column":50},"end":{"line":10,"column":3}},"line":2}},"branchMap":{"0":{"loc":{"start":{"line":2,"column":35},"end":{"line":2,"column":48}},"type":"default-arg","locations":[{"start":{"line":2,"column":44},"end":{"line":2,"column":48}}],"line":2},"1":{"loc":{"start":{"line":5,"column":18},"end":{"line":5,"column":68}},"type":"cond-expr","locations":[{"start":{"line":5,"column":52},"end":{"line":5,"column":58}},{"start":{"line":5,"column":61},"end":{"line":5,"column":68}}],"line":5}},"s":{"0":0,"1":0,"2":0,"3":0,"4":0,"5":0},"f":{"0":0},"b":{"0":[0],"1":[0,0]}}
}
